app/build/outputs/logs/manifest-merger-debug-report.txt
-- Merging decision tree log ---
manifest
ADDED from AndroidManifest.xml:2:1
	package
		ADDED from AndroidManifest.xml:3:5
		INJECTED from AndroidManifest.xml:0:0
		INJECTED from AndroidManifest.xml:0:0
	android:versionName
		ADDED from AndroidManifest.xml:5:5
	android:versionCode
		ADDED from AndroidManifest.xml:4:5
		INJECTED from AndroidManifest.xml:0:0
		INJECTED from AndroidManifest.xml:0:0
	xmlns:android
		ADDED from AndroidManifest.xml:2:11
uses-sdk
ADDED from AndroidManifest.xml:7:5
MERGED from com.android.support:appcompat-v7:23.1.1:20:5
MERGED from com.android.support:support-v4:23.1.1:20:5
MERGED from com.android.support:support-v4:23.1.1:20:5
MERGED from com.android.support:appcompat-v7:23.1.1:20:5
MERGED from com.android.support:support-v4:23.1.1:20:5
MERGED from com.mikepenz:materialdrawer:4.6.4:8:5
MERGED from com.android.support:appcompat-v7:23.1.1:20:5
MERGED from com.android.support:support-v4:23.1.1:20:5
MERGED from com.android.support:recyclerview-v7:23.1.1:20:5
MERGED from com.android.support:support-v4:23.1.1:20:5
MERGED from com.mikepenz:materialize:0.5.1:8:5
MERGED from com.android.support:appcompat-v7:23.1.1:20:5
MERGED from com.android.support:support-v4:23.1.1:20:5
MERGED from com.mikepenz:iconics-core:2.5.4:8:5
MERGED from com.android.support:appcompat-v7:23.1.1:20:5
MERGED from com.android.support:support-v4:23.1.1:20:5
	android:targetSdkVersion
		ADDED from AndroidManifest.xml:9:9
		INJECTED from AndroidManifest.xml:0:0
		INJECTED from AndroidManifest.xml:0:0
	android:minSdkVersion
		ADDED from AndroidManifest.xml:8:9
		INJECTED from AndroidManifest.xml:0:0
		INJECTED from AndroidManifest.xml:0:0
uses-permission#android.permission.INTERNET
ADDED from AndroidManifest.xml:12:5
	android:name
		ADDED from AndroidManifest.xml:12:22
android:uses-permission#android.permission.WRITE_EXTERNAL_STORAGE
ADDED from AndroidManifest.xml:14:5
	android:name
		ADDED from AndroidManifest.xml:14:30
android:uses-permission#android.permission.READ_PHONE_STATE
ADDED from AndroidManifest.xml:15:5
	android:name
		ADDED from AndroidManifest.xml:15:30
android:uses-permission#android.permission.READ_EXTERNAL_STORAGE
ADDED from AndroidManifest.xml:16:5
	android:name
		ADDED from AndroidManifest.xml:16:30
application
ADDED from AndroidManifest.xml:18:5
MERGED from com.android.support:appcompat-v7:23.1.1:22:5
MERGED from com.android.support:support-v4:23.1.1:22:5
MERGED from com.android.support:support-v4:23.1.1:22:5
MERGED from com.android.support:appcompat-v7:23.1.1:22:5
MERGED from com.android.support:support-v4:23.1.1:22:5
MERGED from com.android.support:appcompat-v7:23.1.1:22:5
MERGED from com.android.support:support-v4:23.1.1:22:5
MERGED from com.android.support:support-v4:23.1.1:22:5
MERGED from com.android.support:appcompat-v7:23.1.1:22:5
MERGED from com.android.support:support-v4:23.1.1:22:5
MERGED from com.android.support:appcompat-v7:23.1.1:22:5
MERGED from com.android.support:support-v4:23.1.1:22:5
	android:label
		ADDED from AndroidManifest.xml:21:9
	android:allowBackup
		ADDED from AndroidManifest.xml:19:9
	android:icon
		ADDED from AndroidManifest.xml:20:9
	android:theme
		ADDED from AndroidManifest.xml:22:9
activity#br.com.unorte.ufarm.Activity.MainActivity
ADDED from AndroidManifest.xml:23:9
	android:label
		ADDED from AndroidManifest.xml:25:13
	android:name
		ADDED from AndroidManifest.xml:24:13
activity#br.com.unorte.ufarm.Activity.LoginActivity
ADDED from AndroidManifest.xml:27:9
	android:label
		ADDED from AndroidManifest.xml:29:13
	android:name
		ADDED from AndroidManifest.xml:28:13
intent-filter#android.intent.action.MAIN+android.intent.category.LAUNCHER
ADDED from AndroidManifest.xml:30:13
action#android.intent.action.MAIN
ADDED from AndroidManifest.xml:31:17
	android:name
		ADDED from AndroidManifest.xml:31:25
category#android.intent.category.LAUNCHER
ADDED from AndroidManifest.xml:33:17
	android:name
		ADDED from AndroidManifest.xml:33:27
activity#br.com.unorte.ufarm.Activity.PainelProdutivo
ADDED from AndroidManifest.xml:36:9
	android:label
		ADDED from AndroidManifest.xml:38:13
	android:name
		ADDED from AndroidManifest.xml:37:13
activity#br.com.unorte.ufarm.Activity.ListPropriedades
ADDED from AndroidManifest.xml:40:9
	android:label
		ADDED from AndroidManifest.xml:42:13
	android:name
		ADDED from AndroidManifest.xml:41:13
activity#br.com.unorte.ufarm.Activity.TabProduto
ADDED from AndroidManifest.xml:44:9
	android:label
		ADDED from AndroidManifest.xml:46:13
	android:name
		ADDED from AndroidManifest.xml:45:13
activity#br.com.unorte.ufarm.Activity.TabAtvRot
ADDED from AndroidManifest.xml:48:9
	android:label
		ADDED from AndroidManifest.xml:50:13
	android:name
		ADDED from AndroidManifest.xml:49:13
activity#br.com.unorte.ufarm.Activity.FrameProdServ
ADDED from AndroidManifest.xml:52:9
	android:label
		ADDED from AndroidManifest.xml:54:13
	android:name
		ADDED from AndroidManifest.xml:53:13
activity#br.com.unorte.ufarm.Activity.FragArrendamento
ADDED from AndroidManifest.xml:56:9
	android:label
		ADDED from AndroidManifest.xml:58:13
	android:name
		ADDED from AndroidManifest.xml:57:13
activity#br.com.unorte.ufarm.Activity.FragEmpFinan
ADDED from AndroidManifest.xml:60:9
	android:label
		ADDED from AndroidManifest.xml:62:13
	android:name
		ADDED from AndroidManifest.xml:61:13
activity#br.com.unorte.ufarm.Activity.FragImplementosFerramentas
ADDED from AndroidManifest.xml:64:9
	android:label
		ADDED from AndroidManifest.xml:66:13
	android:name
		ADDED from AndroidManifest.xml:65:13
activity#br.com.unorte.ufarm.Activity.FragInsumos
ADDED from AndroidManifest.xml:68:9
	android:label
		ADDED from AndroidManifest.xml:70:13
	android:name
		ADDED from AndroidManifest.xml:69:13
activity#br.com.unorte.ufarm.Activity.FragLocacoes
ADDED from AndroidManifest.xml:72:9
	android:label
		ADDED from AndroidManifest.xml:74:13
	android:name
		ADDED from AndroidManifest.xml:73:13
activity#br.com.unorte.ufarm.Activity.FragMantimento
ADDED from AndroidManifest.xml:76:9
	android:label
		ADDED from AndroidManifest.xml:78:13
	android:name
		ADDED from AndroidManifest.xml:77:13
activity#br.com.unorte.ufarm.Activity.FragMaqEquip
ADDED from AndroidManifest.xml:80:9
	android:label
		ADDED from AndroidManifest.xml:82:13
	android:name
		ADDED from AndroidManifest.xml:81:13
activity#br.com.unorte.ufarm.Activity.FragRebanho
ADDED from AndroidManifest.xml:84:9
	android:label
		ADDED from AndroidManifest.xml:86:13
	android:name
		ADDED from AndroidManifest.xml:85:13
activity#br.com.unorte.ufarm.Activity.FragSeguro
ADDED from AndroidManifest.xml:88:9
	android:label
		ADDED from AndroidManifest.xml:90:13
	android:name
		ADDED from AndroidManifest.xml:89:13
activity#br.com.unorte.ufarm.Activity.FragVeiculo
ADDED from AndroidManifest.xml:92:9
	android:label
		ADDED from AndroidManifest.xml:94:13
	android:name
		ADDED from AndroidManifest.xml:93:13
activity#br.com.unorte.ufarm.Activity.ActivityInfoImpleFerram
ADDED from AndroidManifest.xml:96:9
	android:label
		ADDED from AndroidManifest.xml:98:13
	android:name
		ADDED from AndroidManifest.xml:97:13
activity#br.com.unorte.ufarm.Activity.ActivityInfoMaqEquip
ADDED from AndroidManifest.xml:100:9
	android:label
		ADDED from AndroidManifest.xml:102:13
	android:name
		ADDED from AndroidManifest.xml:101:13
activity#br.com.unorte.ufarm.Activity.ActivityInfoRebanho
ADDED from AndroidManifest.xml:104:9
	android:label
		ADDED from AndroidManifest.xml:106:13
	android:name
		ADDED from AndroidManifest.xml:105:13
activity#br.com.unorte.ufarm.Activity.Producao
ADDED from AndroidManifest.xml:108:9
	android:label
		ADDED from AndroidManifest.xml:110:13
	android:name
		ADDED from AndroidManifest.xml:109:13
activity#br.com.unorte.ufarm.Activity.AtvOperacional
ADDED from AndroidManifest.xml:112:9
	android:label
		ADDED from AndroidManifest.xml:114:13
	android:name
		ADDED from AndroidManifest.xml:113:13
activity#br.com.unorte.ufarm.Activity.Tab_ProducaoAgriFloresta
ADDED from AndroidManifest.xml:116:9
	android:label
		ADDED from AndroidManifest.xml:118:13
	android:name
		ADDED from AndroidManifest.xml:117:13
activity#br.com.unorte.ufarm.Activity.Tab_ProducaoPecuaria
ADDED from AndroidManifest.xml:120:9
	android:label
		ADDED from AndroidManifest.xml:122:13
	android:name
		ADDED from AndroidManifest.xml:121:13
activity#br.com.unorte.ufarm.Activity.Tab_ProducaoInfra
ADDED from AndroidManifest.xml:124:9
	android:label
		ADDED from AndroidManifest.xml:126:13
	android:name
		ADDED from AndroidManifest.xml:125:13
activity#br.com.unorte.ufarm.Activity.Tab_AtvRotExpedicao
ADDED from AndroidManifest.xml:128:9
	android:label
		ADDED from AndroidManifest.xml:130:13
	android:name
		ADDED from AndroidManifest.xml:129:13
activity#br.com.unorte.ufarm.Activity.Tab_AtvRotOrganizacao
ADDED from AndroidManifest.xml:132:9
	android:label
		ADDED from AndroidManifest.xml:134:13
	android:name
		ADDED from AndroidManifest.xml:133:13